<?xml version="1.0" encoding="UTF-8"?>
<!-- Generated by org.testng.reporters.JUnitXMLReporter -->
<testsuite ignored="0" hostname="DESKTOP-6UJ2TDL" failures="0" tests="8" name="Default test" time="5.626" errors="0" timestamp="2024-03-13T22:30:27 EDT">
  <testcase classname="api_tests.Items_management_api" name="login_test" time="2.043"/>
  <testcase classname="api_tests.Items_management_api" name="petStore_findByStatus" time="0.466"/>
  <testcase classname="api_tests.Items_management_api" name="petStore_findByStatus_chain_validation" time="0.25"/>
  <testcase classname="api_tests.Items_management_api" name="create_item" time="0.604"/>
  <testcase classname="api_tests.Items_management_api" name="list_all_items" time="1.406"/>
  <testcase classname="api_tests.Items_management_api" name="get_item" time="0.316"/>
  <testcase classname="api_tests.Items_management_api" name="delete_item" time="0.183"/>
  <testcase classname="api_tests.Items_management_api" name="update_item" time="0.299"/>
</testsuite> <!-- Default test -->
