<?xml version="1.0" encoding="UTF-8"?>
<!-- Generated by org.testng.reporters.JUnitXMLReporter -->
<testsuite ignored="0" hostname="DESKTOP-6UJ2TDL" failures="0" tests="8" name="Crater Regression test" time="5.943" errors="0" timestamp="2024-03-13T23:16:20 EDT">
  <testcase classname="api_tests.Items_management_api" name="login_test" time="2.118"/>
  <testcase classname="api_tests.Items_management_api" name="petStore_findByStatus" time="0.634"/>
  <testcase classname="api_tests.Items_management_api" name="petStore_findByStatus_chain_validation" time="0.163"/>
  <testcase classname="api_tests.Items_management_api" name="create_item" time="0.72"/>
  <testcase classname="api_tests.Items_management_api" name="list_all_items" time="1.392"/>
  <testcase classname="api_tests.Items_management_api" name="get_item" time="0.278"/>
  <testcase classname="api_tests.Items_management_api" name="delete_item" time="0.186"/>
  <testcase classname="api_tests.Items_management_api" name="update_item" time="0.371"/>
</testsuite> <!-- Crater Regression test -->
