<?xml version="1.0" encoding="UTF-8"?>
<!-- Generated by org.testng.reporters.JUnitXMLReporter -->
<testsuite ignored="5" hostname="DESKTOP-6UJ2TDL" failures="0" tests="3" name="Crater Items API Tests" time="4.21" errors="0" timestamp="2024-03-13T23:16:29 EDT">
  <testcase classname="api_tests.Items_management_api" name="login_test" time="2.176"/>
  <testcase classname="api_tests.Items_management_api" name="create_item" time="0.583"/>
  <testcase classname="api_tests.Items_management_api" name="list_all_items" time="1.391"/>
  <testcase classname="api_tests.Items_management_api" name="get_item" time="0.0">
    <ignored/>
  </testcase> <!-- get_item -->
  <testcase classname="api_tests.Items_management_api" name="petStore_findByStatus" time="0.0">
    <ignored/>
  </testcase> <!-- petStore_findByStatus -->
  <testcase classname="api_tests.Items_management_api" name="update_item" time="0.0">
    <ignored/>
  </testcase> <!-- update_item -->
  <testcase classname="api_tests.Items_management_api" name="petStore_findByStatus_chain_validation" time="0.0">
    <ignored/>
  </testcase> <!-- petStore_findByStatus_chain_validation -->
  <testcase classname="api_tests.Items_management_api" name="delete_item" time="0.0">
    <ignored/>
  </testcase> <!-- delete_item -->
</testsuite> <!-- Crater Items API Tests -->
