<?xml version="1.0" encoding="UTF-8"?>
<testsuite xmlns:xsi="http://www.w3.org/2001/XMLSchema-instance" xsi:noNamespaceSchemaLocation="https://maven.apache.org/surefire/maven-surefire-plugin/xsd/surefire-test-report-3.0.xsd" version="3.0" name="runners.TestRunner" time="24.422" tests="1" errors="0" skipped="0" failures="0">
  <properties>
[...]
</properties>
  <testcase name="As a user, I am able to update an item or service" classname="Items Management" time="23.386">
    <system-out><![CDATA[
@update_items @smoke_test
Scenario: As a user, I am able to update an item or service                                            &amp#27;[90m# src/test/resources/Features/ItemsManagement.feature:23&amp#27;[0m
  &amp#27;[32mGiven &amp#27;[0m&amp#27;[32mAs a &amp#27;[0m&amp#27;[32m&amp#27;[1m"level1"&amp#27;[0m&amp#27;[32m user, I am logged in&amp#27;[0m                                                             &amp#27;[90m# steps_definitions.ItemsManagement.as_a_user_i_am_logged_in(java.lang.String)&amp#27;[0m
  &amp#27;[32mAnd &amp#27;[0m&amp#27;[32mI navigate to Items tab&amp#27;[0m                                                                          &amp#27;[90m# steps_definitions.ItemsManagement.i_navigate_to_items_tab()&amp#27;[0m
  &amp#27;[32mWhen &amp#27;[0m&amp#27;[32mI click on Add Item button&amp#27;[0m                                                                      &amp#27;[90m# steps_definitions.ItemsManagement.i_click_on_add_item_button()&amp#27;[0m
  &amp#27;[32mThen &amp#27;[0m&amp#27;[32mI should be on New Item page&amp#27;[0m                                                                    &amp#27;[90m# steps_definitions.ItemsManagement.i_should_be_on_new_item_page()&amp#27;[0m
Random numbered item name is: coffee mug449
  &amp#27;[32mWhen &amp#27;[0m&amp#27;[32mI provide item name &amp#27;[0m&amp#27;[32m&amp#27;[1m"coffee mug"&amp#27;[0m&amp#27;[32m price &amp#27;[0m&amp#27;[32m&amp#27;[1m"1200"&amp#27;[0m&amp#27;[32m unit &amp#27;[0m&amp#27;[32m&amp#27;[1m"pc"&amp#27;[0m&amp#27;[32m and description &amp#27;[0m&amp#27;[32m&amp#27;[1m"very weird coffee mug"&amp#27;[0m &amp#27;[90m# steps_definitions.ItemsManagement.i_provide_item_name_price_unit_and_description(java.lang.String,java.lang.String,java.lang.String,java.lang.String)&amp#27;[0m
  &amp#27;[32mAnd &amp#27;[0m&amp#27;[32mI click on Save Item button&amp#27;[0m                                                                      &amp#27;[90m# steps_definitions.ItemsManagement.i_click_on_save_item_button()&amp#27;[0m
  &amp#27;[32mThen &amp#27;[0m&amp#27;[32mThe item is added to the item list table&amp#27;[0m                                                        &amp#27;[90m# steps_definitions.ItemsManagement.the_item_is_added_to_the_item_list_table()&amp#27;[0m
  &amp#27;[32mWhen &amp#27;[0m&amp#27;[32mI update the item price with &amp#27;[0m&amp#27;[32m&amp#27;[1m"1500"&amp#27;[0m                                                             &amp#27;[90m# steps_definitions.ItemsManagement.i_update_the_item_price_with(java.lang.String)&amp#27;[0m
  &amp#27;[32mThen &amp#27;[0m&amp#27;[32mThe item is added to the item list table&amp#27;[0m                                                        &amp#27;[90m# steps_definitions.ItemsManagement.the_item_is_added_to_the_item_list_table()&amp#27;[0m
  &amp#27;[32mAnd &amp#27;[0m&amp#27;[32mI delete the item&amp#27;[0m                                                                                &amp#27;[90m# steps_definitions.ItemsManagement.i_delete_the_item()&amp#27;[0m
]]></system-out>
  </testcase>
</testsuite>