<?xml version="1.0" encoding="UTF-8"?>
<testng-results ignored="0" total="3" passed="3" failed="0" skipped="0">
  <reporter-output>
  </reporter-output>
  <suite started-at="2024-03-13T23:16:25 EDT" name="Crater_Items_Mngt" finished-at="2024-03-13T23:16:29 EDT" duration-ms="4210">
    <groups>
      <group name="regression">
        <method signature="Items_management_api.login_test()[pri:0, instance:api_tests.Items_management_api@73a1e9a9]" name="login_test" class="api_tests.Items_management_api"/>
      </group> <!-- regression -->
      <group name="smoke-test">
        <method signature="Items_management_api.login_test()[pri:0, instance:api_tests.Items_management_api@73a1e9a9]" name="login_test" class="api_tests.Items_management_api"/>
        <method signature="Items_management_api.create_item()[pri:0, instance:api_tests.Items_management_api@73a1e9a9]" name="create_item" class="api_tests.Items_management_api"/>
        <method signature="Items_management_api.list_all_items()[pri:0, instance:api_tests.Items_management_api@73a1e9a9]" name="list_all_items" class="api_tests.Items_management_api"/>
      </group> <!-- smoke-test -->
      <group name="create_item">
        <method signature="Items_management_api.create_item()[pri:0, instance:api_tests.Items_management_api@73a1e9a9]" name="create_item" class="api_tests.Items_management_api"/>
      </group> <!-- create_item -->
    </groups>
    <test started-at="2024-03-13T23:16:25 EDT" name="Crater Items API Tests" finished-at="2024-03-13T23:16:29 EDT" duration-ms="4210">
      <class name="api_tests.Items_management_api">
        <test-method signature="login_test()[pri:0, instance:api_tests.Items_management_api@73a1e9a9]" started-at="2024-03-13T23:16:25 EDT" name="login_test" finished-at="2024-03-13T23:16:27 EDT" duration-ms="2176" status="PASS">
          <reporter-output>
          </reporter-output>
        </test-method> <!-- login_test -->
        <test-method signature="create_item()[pri:0, instance:api_tests.Items_management_api@73a1e9a9]" started-at="2024-03-13T23:16:27 EDT" name="create_item" finished-at="2024-03-13T23:16:28 EDT" depends-on-methods="api_tests.Items_management_api.login_test" duration-ms="583" status="PASS">
          <reporter-output>
          </reporter-output>
        </test-method> <!-- create_item -->
        <test-method signature="list_all_items()[pri:0, instance:api_tests.Items_management_api@73a1e9a9]" started-at="2024-03-13T23:16:28 EDT" name="list_all_items" finished-at="2024-03-13T23:16:29 EDT" depends-on-methods="api_tests.Items_management_api.login_test" duration-ms="1391" status="PASS">
          <reporter-output>
          </reporter-output>
        </test-method> <!-- list_all_items -->
      </class> <!-- api_tests.Items_management_api -->
    </test> <!-- Crater Items API Tests -->
  </suite> <!-- Crater_Items_Mngt -->
</testng-results>
